<?xml version="1.0" encoding="UTF-8"?>
<!-- Generated by org.testng.reporters.JUnitReportReporter -->
<testsuite hostname="ADMINRG-TQ4AJFU" failures="0" tests="3" name="pack1.Test1" time="0.035" errors="0" timestamp="2024-04-03T13:51:43 IST" skipped="0">
  <testcase classname="pack1.Test1" name="test2" time="0.007"/>
  <testcase classname="pack1.Test1" name="test1" time="0.020"/>
  <testcase classname="pack1.Test1" name="test3" time="0.008"/>
</testsuite> <!-- pack1.Test1 -->
